2018-10-27 11:29:12.196  INFO 108 --- [restartedMain] c.e.m.a.AreaServiceApplication           : Starting AreaServiceApplication on DESKTOP-T5HSAB1 with PID 108 (C:\Users\TapojitBhattacharya\sts-workspace\microservices\BlogApplicationInstallments\BlogPost5Application\area-service\target\classes started by TapojitBhattacharya in C:\Users\TapojitBhattacharya\sts-workspace\microservices\BlogApplicationInstallments\BlogPost5Application\area-service)
2018-10-27 11:29:12.196  INFO 108 --- [restartedMain] c.e.m.a.AreaServiceApplication           : No active profile set, falling back to default profiles: default
2018-10-27 11:29:12.268  INFO 108 --- [restartedMain] ConfigServletWebServerApplicationContext : Refreshing org.springframework.boot.web.servlet.context.AnnotationConfigServletWebServerApplicationContext@5d775f95: startup date [Sat Oct 27 11:29:12 IST 2018]; root of context hierarchy
2018-10-27 11:29:14.087  INFO 108 --- [restartedMain] o.s.b.w.embedded.tomcat.TomcatWebServer  : Tomcat initialized with port(s): 8000 (http)
2018-10-27 11:29:14.116  INFO 108 --- [restartedMain] o.apache.catalina.core.StandardService   : Starting service [Tomcat]
2018-10-27 11:29:14.116  INFO 108 --- [restartedMain] org.apache.catalina.core.StandardEngine  : Starting Servlet Engine: Apache Tomcat/8.5.34
2018-10-27 11:29:14.116  INFO 108 --- [localhost-startStop-1] o.a.catalina.core.AprLifecycleListener   : The APR based Apache Tomcat Native library which allows optimal performance in production environments was not found on the java.library.path: [C:\Program Files\Java\jre1.8.0_191\bin;C:\WINDOWS\Sun\Java\bin;C:\WINDOWS\system32;C:\WINDOWS;C:/Program Files/Java/jre1.8.0_191/bin/server;C:/Program Files/Java/jre1.8.0_191/bin;C:/Program Files/Java/jre1.8.0_191/lib/amd64;C:\Program Files (x86)\Common Files\Oracle\Java\javapath;C:\WINDOWS\system32;C:\WINDOWS;C:\WINDOWS\System32\Wbem;C:\WINDOWS\System32\WindowsPowerShell\v1.0\;C:\Program Files\Java\jdk1.8.0_191\bin;C:\Users\TapojitBhattacharya\Softwares\apache-maven-3.5.2-bin\apache-maven-3.5.2\bin;C:\Program Files\IBM\Bluemix\bin;C:\WINDOWS\System32\OpenSSH\;C:\Program Files\Git\cmd;C:\Users\TapojitBhattacharya\AppData\Local\Microsoft\WindowsApps;C:\Program Files (x86)\CVSNT\;%USERPROFILE%\AppData\Local\Microsoft\WindowsApps;;C:\Users\TapojitBhattacharya\Documents\Personal\Softwares\sts-bundle\sts-3.9.6.RELEASE;;.]
2018-10-27 11:29:14.200  INFO 108 --- [localhost-startStop-1] o.a.c.c.C.[Tomcat].[localhost].[/]       : Initializing Spring embedded WebApplicationContext
2018-10-27 11:29:14.200  INFO 108 --- [localhost-startStop-1] o.s.web.context.ContextLoader            : Root WebApplicationContext: initialization completed in 1932 ms
2018-10-27 11:29:14.954  INFO 108 --- [localhost-startStop-1] o.s.b.w.servlet.FilterRegistrationBean   : Mapping filter: 'characterEncodingFilter' to: [/*]
2018-10-27 11:29:14.954  INFO 108 --- [localhost-startStop-1] o.s.b.w.servlet.FilterRegistrationBean   : Mapping filter: 'webMvcMetricsFilter' to: [/*]
2018-10-27 11:29:14.954  INFO 108 --- [localhost-startStop-1] o.s.b.w.servlet.FilterRegistrationBean   : Mapping filter: 'hiddenHttpMethodFilter' to: [/*]
2018-10-27 11:29:14.954  INFO 108 --- [localhost-startStop-1] o.s.b.w.servlet.FilterRegistrationBean   : Mapping filter: 'httpPutFormContentFilter' to: [/*]
2018-10-27 11:29:14.954  INFO 108 --- [localhost-startStop-1] o.s.b.w.servlet.FilterRegistrationBean   : Mapping filter: 'requestContextFilter' to: [/*]
2018-10-27 11:29:14.954  INFO 108 --- [localhost-startStop-1] o.s.b.w.servlet.FilterRegistrationBean   : Mapping filter: 'httpTraceFilter' to: [/*]
2018-10-27 11:29:14.954  INFO 108 --- [localhost-startStop-1] o.s.b.w.servlet.ServletRegistrationBean  : Servlet dispatcherServlet mapped to [/]
2018-10-27 11:29:15.086  INFO 108 --- [restartedMain] o.s.w.s.handler.SimpleUrlHandlerMapping  : Mapped URL path [/**/favicon.ico] onto handler of type [class org.springframework.web.servlet.resource.ResourceHttpRequestHandler]
2018-10-27 11:29:15.286  INFO 108 --- [restartedMain] s.w.s.m.m.a.RequestMappingHandlerAdapter : Looking for @ControllerAdvice: org.springframework.boot.web.servlet.context.AnnotationConfigServletWebServerApplicationContext@5d775f95: startup date [Sat Oct 27 11:29:12 IST 2018]; root of context hierarchy
2018-10-27 11:29:15.365  INFO 108 --- [restartedMain] s.w.s.m.m.a.RequestMappingHandlerMapping : Mapped "{[/area/shapeType/{shapeType}],methods=[GET]}" onto public com.evergreenprogrammers.microservices.areaservice.bo.Area com.evergreenprogrammers.microservices.areaservice.controller.AreaServiceController.getArea(java.lang.String)
2018-10-27 11:29:15.365  INFO 108 --- [restartedMain] s.w.s.m.m.a.RequestMappingHandlerMapping : Mapped "{[/error]}" onto public org.springframework.http.ResponseEntity<java.util.Map<java.lang.String, java.lang.Object>> org.springframework.boot.autoconfigure.web.servlet.error.BasicErrorController.error(javax.servlet.http.HttpServletRequest)
2018-10-27 11:29:15.365  INFO 108 --- [restartedMain] s.w.s.m.m.a.RequestMappingHandlerMapping : Mapped "{[/error],produces=[text/html]}" onto public org.springframework.web.servlet.ModelAndView org.springframework.boot.autoconfigure.web.servlet.error.BasicErrorController.errorHtml(javax.servlet.http.HttpServletRequest,javax.servlet.http.HttpServletResponse)
2018-10-27 11:29:15.402  INFO 108 --- [restartedMain] o.s.w.s.handler.SimpleUrlHandlerMapping  : Mapped URL path [/webjars/**] onto handler of type [class org.springframework.web.servlet.resource.ResourceHttpRequestHandler]
2018-10-27 11:29:15.402  INFO 108 --- [restartedMain] o.s.w.s.handler.SimpleUrlHandlerMapping  : Mapped URL path [/**] onto handler of type [class org.springframework.web.servlet.resource.ResourceHttpRequestHandler]
2018-10-27 11:29:15.787  WARN 108 --- [restartedMain] o.s.b.d.a.OptionalLiveReloadServer       : Unable to start LiveReload server
2018-10-27 11:29:15.803  INFO 108 --- [restartedMain] o.s.b.a.e.web.EndpointLinksResolver      : Exposing 2 endpoint(s) beneath base path '/actuator'
2018-10-27 11:29:15.819  INFO 108 --- [restartedMain] s.b.a.e.w.s.WebMvcEndpointHandlerMapping : Mapped "{[/actuator/health],methods=[GET],produces=[application/vnd.spring-boot.actuator.v2+json || application/json]}" onto public java.lang.Object org.springframework.boot.actuate.endpoint.web.servlet.AbstractWebMvcEndpointHandlerMapping$OperationHandler.handle(javax.servlet.http.HttpServletRequest,java.util.Map<java.lang.String, java.lang.String>)
2018-10-27 11:29:15.819  INFO 108 --- [restartedMain] s.b.a.e.w.s.WebMvcEndpointHandlerMapping : Mapped "{[/actuator/info],methods=[GET],produces=[application/vnd.spring-boot.actuator.v2+json || application/json]}" onto public java.lang.Object org.springframework.boot.actuate.endpoint.web.servlet.AbstractWebMvcEndpointHandlerMapping$OperationHandler.handle(javax.servlet.http.HttpServletRequest,java.util.Map<java.lang.String, java.lang.String>)
2018-10-27 11:29:15.819  INFO 108 --- [restartedMain] s.b.a.e.w.s.WebMvcEndpointHandlerMapping : Mapped "{[/actuator],methods=[GET],produces=[application/vnd.spring-boot.actuator.v2+json || application/json]}" onto protected java.util.Map<java.lang.String, java.util.Map<java.lang.String, org.springframework.boot.actuate.endpoint.web.Link>> org.springframework.boot.actuate.endpoint.web.servlet.WebMvcEndpointHandlerMapping.links(javax.servlet.http.HttpServletRequest,javax.servlet.http.HttpServletResponse)
2018-10-27 11:29:15.904  INFO 108 --- [restartedMain] o.s.j.e.a.AnnotationMBeanExporter        : Registering beans for JMX exposure on startup
2018-10-27 11:29:16.195  INFO 108 --- [restartedMain] o.s.b.w.embedded.tomcat.TomcatWebServer  : Tomcat started on port(s): 8000 (http) with context path ''
2018-10-27 11:29:16.203  INFO 108 --- [restartedMain] c.e.m.a.AreaServiceApplication           : Started AreaServiceApplication in 4.439 seconds (JVM running for 5.579)
2018-10-27 11:45:49.621  INFO 108 --- [http-nio-8000-exec-1] o.a.c.c.C.[Tomcat].[localhost].[/]       : Initializing Spring FrameworkServlet 'dispatcherServlet'
2018-10-27 11:45:49.627  INFO 108 --- [http-nio-8000-exec-1] o.s.web.servlet.DispatcherServlet        : FrameworkServlet 'dispatcherServlet': initialization started
2018-10-27 11:45:49.687  INFO 108 --- [http-nio-8000-exec-1] o.s.web.servlet.DispatcherServlet        : FrameworkServlet 'dispatcherServlet': initialization completed in 60 ms
2018-10-27 11:45:49.795  INFO 108 --- [http-nio-8000-exec-1] c.e.m.a.c.AreaServiceController          : AreaServiceController.getArea.area---> {}50.26548245743669
2018-10-27 11:45:54.922  INFO 108 --- [http-nio-8000-exec-2] c.e.m.a.c.AreaServiceController          : AreaServiceController.getArea.area---> {}50.26548245743669
2018-10-27 11:45:55.776  INFO 108 --- [http-nio-8000-exec-3] c.e.m.a.c.AreaServiceController          : AreaServiceController.getArea.area---> {}50.26548245743669
2018-10-27 11:45:56.624  INFO 108 --- [http-nio-8000-exec-4] c.e.m.a.c.AreaServiceController          : AreaServiceController.getArea.area---> {}50.26548245743669
2018-10-27 11:45:57.454  INFO 108 --- [http-nio-8000-exec-5] c.e.m.a.c.AreaServiceController          : AreaServiceController.getArea.area---> {}50.26548245743669
