2018-10-27 11:29:35.810  INFO 13204 --- [restartedMain] c.e.m.s.ShapeServiceApplication          : No active profile set, falling back to default profiles: default
2018-10-27 11:29:35.844  INFO 13204 --- [restartedMain] ConfigServletWebServerApplicationContext : Refreshing org.springframework.boot.web.servlet.context.AnnotationConfigServletWebServerApplicationContext@5b5319c8: startup date [Sat Oct 27 11:29:35 IST 2018]; parent: org.springframework.context.annotation.AnnotationConfigApplicationContext@48f61e06
2018-10-27 11:29:37.316  INFO 13204 --- [restartedMain] o.s.cloud.context.scope.GenericScope     : BeanFactory id=5deb55e2-4893-3f36-ab93-8ad3e82cb63d
2018-10-27 11:29:37.432  INFO 13204 --- [restartedMain] trationDelegate$BeanPostProcessorChecker : Bean 'org.springframework.cloud.autoconfigure.ConfigurationPropertiesRebinderAutoConfiguration' of type [org.springframework.cloud.autoconfigure.ConfigurationPropertiesRebinderAutoConfiguration$$EnhancerBySpringCGLIB$$93470b48] is not eligible for getting processed by all BeanPostProcessors (for example: not eligible for auto-proxying)
2018-10-27 11:29:37.982  INFO 13204 --- [restartedMain] o.s.b.w.embedded.tomcat.TomcatWebServer  : Tomcat initialized with port(s): 8200 (http)
2018-10-27 11:29:38.001  INFO 13204 --- [restartedMain] o.apache.catalina.core.StandardService   : Starting service [Tomcat]
2018-10-27 11:29:38.001  INFO 13204 --- [restartedMain] org.apache.catalina.core.StandardEngine  : Starting Servlet Engine: Apache Tomcat/8.5.34
2018-10-27 11:29:38.001  INFO 13204 --- [localhost-startStop-1] o.a.catalina.core.AprLifecycleListener   : The APR based Apache Tomcat Native library which allows optimal performance in production environments was not found on the java.library.path: [C:\Program Files\Java\jre1.8.0_191\bin;C:\WINDOWS\Sun\Java\bin;C:\WINDOWS\system32;C:\WINDOWS;C:/Program Files/Java/jre1.8.0_191/bin/server;C:/Program Files/Java/jre1.8.0_191/bin;C:/Program Files/Java/jre1.8.0_191/lib/amd64;C:\Program Files (x86)\Common Files\Oracle\Java\javapath;C:\WINDOWS\system32;C:\WINDOWS;C:\WINDOWS\System32\Wbem;C:\WINDOWS\System32\WindowsPowerShell\v1.0\;C:\Program Files\Java\jdk1.8.0_191\bin;C:\Users\TapojitBhattacharya\Softwares\apache-maven-3.5.2-bin\apache-maven-3.5.2\bin;C:\Program Files\IBM\Bluemix\bin;C:\WINDOWS\System32\OpenSSH\;C:\Program Files\Git\cmd;C:\Users\TapojitBhattacharya\AppData\Local\Microsoft\WindowsApps;C:\Program Files (x86)\CVSNT\;%USERPROFILE%\AppData\Local\Microsoft\WindowsApps;;C:\Users\TapojitBhattacharya\Documents\Personal\Softwares\sts-bundle\sts-3.9.6.RELEASE;;.]
2018-10-27 11:29:38.133  INFO 13204 --- [localhost-startStop-1] o.a.c.c.C.[Tomcat].[localhost].[/]       : Initializing Spring embedded WebApplicationContext
2018-10-27 11:29:38.133  INFO 13204 --- [localhost-startStop-1] o.s.web.context.ContextLoader            : Root WebApplicationContext: initialization completed in 2289 ms
2018-10-27 11:29:38.963  INFO 13204 --- [localhost-startStop-1] o.s.b.w.servlet.FilterRegistrationBean   : Mapping filter: 'characterEncodingFilter' to: [/*]
2018-10-27 11:29:38.968  INFO 13204 --- [localhost-startStop-1] o.s.b.w.servlet.FilterRegistrationBean   : Mapping filter: 'webMvcMetricsFilter' to: [/*]
2018-10-27 11:29:38.968  INFO 13204 --- [localhost-startStop-1] o.s.b.w.servlet.FilterRegistrationBean   : Mapping filter: 'hiddenHttpMethodFilter' to: [/*]
2018-10-27 11:29:38.968  INFO 13204 --- [localhost-startStop-1] o.s.b.w.servlet.FilterRegistrationBean   : Mapping filter: 'httpPutFormContentFilter' to: [/*]
2018-10-27 11:29:38.968  INFO 13204 --- [localhost-startStop-1] o.s.b.w.servlet.FilterRegistrationBean   : Mapping filter: 'requestContextFilter' to: [/*]
2018-10-27 11:29:38.968  INFO 13204 --- [localhost-startStop-1] o.s.b.w.servlet.FilterRegistrationBean   : Mapping filter: 'httpTraceFilter' to: [/*]
2018-10-27 11:29:38.972  INFO 13204 --- [localhost-startStop-1] o.s.b.w.servlet.ServletRegistrationBean  : Servlet dispatcherServlet mapped to [/]
2018-10-27 11:29:39.040  INFO 13204 --- [restartedMain] s.c.a.AnnotationConfigApplicationContext : Refreshing FeignContext-area-service: startup date [Sat Oct 27 11:29:39 IST 2018]; parent: org.springframework.boot.web.servlet.context.AnnotationConfigServletWebServerApplicationContext@5b5319c8
2018-10-27 11:29:39.217  WARN 13204 --- [restartedMain] ConfigServletWebServerApplicationContext : Exception encountered during context initialization - cancelling refresh attempt: org.springframework.beans.factory.UnsatisfiedDependencyException: Error creating bean with name 'shapeServiceController': Unsatisfied dependency expressed through field 'areaFeignClient'; nested exception is org.springframework.beans.factory.BeanCreationException: Error creating bean with name 'com.evergreenprogrammers.microservices.shapeservice.proxy.AreaServiceProxy': FactoryBean threw exception on object creation; nested exception is java.lang.IllegalStateException: No Feign Client for loadBalancing defined. Did you forget to include spring-cloud-starter-netflix-ribbon?
2018-10-27 11:29:39.217  INFO 13204 --- [restartedMain] s.c.a.AnnotationConfigApplicationContext : Closing FeignContext-area-service: startup date [Sat Oct 27 11:29:39 IST 2018]; parent: org.springframework.boot.web.servlet.context.AnnotationConfigServletWebServerApplicationContext@5b5319c8
2018-10-27 11:29:39.217  INFO 13204 --- [restartedMain] o.apache.catalina.core.StandardService   : Stopping service [Tomcat]
2018-10-27 11:29:39.249  INFO 13204 --- [restartedMain] ConditionEvaluationReportLoggingListener : 

Error starting ApplicationContext. To display the conditions report re-run your application with 'debug' enabled.
2018-10-27 11:29:39.265 ERROR 13204 --- [restartedMain] o.s.boot.SpringApplication               : Application run failed

org.springframework.beans.factory.UnsatisfiedDependencyException: Error creating bean with name 'shapeServiceController': Unsatisfied dependency expressed through field 'areaFeignClient'; nested exception is org.springframework.beans.factory.BeanCreationException: Error creating bean with name 'com.evergreenprogrammers.microservices.shapeservice.proxy.AreaServiceProxy': FactoryBean threw exception on object creation; nested exception is java.lang.IllegalStateException: No Feign Client for loadBalancing defined. Did you forget to include spring-cloud-starter-netflix-ribbon?
	at org.springframework.beans.factory.annotation.AutowiredAnnotationBeanPostProcessor$AutowiredFieldElement.inject(AutowiredAnnotationBeanPostProcessor.java:584) ~[spring-beans-5.0.10.RELEASE.jar:5.0.10.RELEASE]
	at org.springframework.beans.factory.annotation.InjectionMetadata.inject(InjectionMetadata.java:90) ~[spring-beans-5.0.10.RELEASE.jar:5.0.10.RELEASE]
	at org.springframework.beans.factory.annotation.AutowiredAnnotationBeanPostProcessor.postProcessPropertyValues(AutowiredAnnotationBeanPostProcessor.java:370) ~[spring-beans-5.0.10.RELEASE.jar:5.0.10.RELEASE]
	at org.springframework.beans.factory.support.AbstractAutowireCapableBeanFactory.populateBean(AbstractAutowireCapableBeanFactory.java:1336) ~[spring-beans-5.0.10.RELEASE.jar:5.0.10.RELEASE]
	at org.springframework.beans.factory.support.AbstractAutowireCapableBeanFactory.doCreateBean(AbstractAutowireCapableBeanFactory.java:572) ~[spring-beans-5.0.10.RELEASE.jar:5.0.10.RELEASE]
	at org.springframework.beans.factory.support.AbstractAutowireCapableBeanFactory.createBean(AbstractAutowireCapableBeanFactory.java:495) ~[spring-beans-5.0.10.RELEASE.jar:5.0.10.RELEASE]
	at org.springframework.beans.factory.support.AbstractBeanFactory.lambda$doGetBean$0(AbstractBeanFactory.java:317) ~[spring-beans-5.0.10.RELEASE.jar:5.0.10.RELEASE]
	at org.springframework.beans.factory.support.DefaultSingletonBeanRegistry.getSingleton(DefaultSingletonBeanRegistry.java:222) ~[spring-beans-5.0.10.RELEASE.jar:5.0.10.RELEASE]
	at org.springframework.beans.factory.support.AbstractBeanFactory.doGetBean(AbstractBeanFactory.java:315) ~[spring-beans-5.0.10.RELEASE.jar:5.0.10.RELEASE]
	at org.springframework.beans.factory.support.AbstractBeanFactory.getBean(AbstractBeanFactory.java:199) ~[spring-beans-5.0.10.RELEASE.jar:5.0.10.RELEASE]
	at org.springframework.beans.factory.support.DefaultListableBeanFactory.preInstantiateSingletons(DefaultListableBeanFactory.java:759) ~[spring-beans-5.0.10.RELEASE.jar:5.0.10.RELEASE]
	at org.springframework.context.support.AbstractApplicationContext.finishBeanFactoryInitialization(AbstractApplicationContext.java:867) ~[spring-context-5.0.10.RELEASE.jar:5.0.10.RELEASE]
	at org.springframework.context.support.AbstractApplicationContext.refresh(AbstractApplicationContext.java:548) ~[spring-context-5.0.10.RELEASE.jar:5.0.10.RELEASE]
	at org.springframework.boot.web.servlet.context.ServletWebServerApplicationContext.refresh(ServletWebServerApplicationContext.java:140) ~[spring-boot-2.0.6.RELEASE.jar:2.0.6.RELEASE]
	at org.springframework.boot.SpringApplication.refresh(SpringApplication.java:754) [spring-boot-2.0.6.RELEASE.jar:2.0.6.RELEASE]
	at org.springframework.boot.SpringApplication.refreshContext(SpringApplication.java:386) [spring-boot-2.0.6.RELEASE.jar:2.0.6.RELEASE]
	at org.springframework.boot.SpringApplication.run(SpringApplication.java:307) [spring-boot-2.0.6.RELEASE.jar:2.0.6.RELEASE]
	at org.springframework.boot.SpringApplication.run(SpringApplication.java:1242) [spring-boot-2.0.6.RELEASE.jar:2.0.6.RELEASE]
	at org.springframework.boot.SpringApplication.run(SpringApplication.java:1230) [spring-boot-2.0.6.RELEASE.jar:2.0.6.RELEASE]
	at com.evergreenprogrammers.microservices.shapeservice.ShapeServiceApplication.main(ShapeServiceApplication.java:12) [classes/:na]
	at sun.reflect.NativeMethodAccessorImpl.invoke0(Native Method) ~[na:1.8.0_191]
	at sun.reflect.NativeMethodAccessorImpl.invoke(Unknown Source) ~[na:1.8.0_191]
	at sun.reflect.DelegatingMethodAccessorImpl.invoke(Unknown Source) ~[na:1.8.0_191]
	at java.lang.reflect.Method.invoke(Unknown Source) ~[na:1.8.0_191]
	at org.springframework.boot.devtools.restart.RestartLauncher.run(RestartLauncher.java:49) [spring-boot-devtools-2.0.6.RELEASE.jar:2.0.6.RELEASE]
Caused by: org.springframework.beans.factory.BeanCreationException: Error creating bean with name 'com.evergreenprogrammers.microservices.shapeservice.proxy.AreaServiceProxy': FactoryBean threw exception on object creation; nested exception is java.lang.IllegalStateException: No Feign Client for loadBalancing defined. Did you forget to include spring-cloud-starter-netflix-ribbon?
	at org.springframework.beans.factory.support.FactoryBeanRegistrySupport.doGetObjectFromFactoryBean(FactoryBeanRegistrySupport.java:178) ~[spring-beans-5.0.10.RELEASE.jar:5.0.10.RELEASE]
	at org.springframework.beans.factory.support.FactoryBeanRegistrySupport.getObjectFromFactoryBean(FactoryBeanRegistrySupport.java:101) ~[spring-beans-5.0.10.RELEASE.jar:5.0.10.RELEASE]
	at org.springframework.beans.factory.support.AbstractBeanFactory.getObjectForBeanInstance(AbstractBeanFactory.java:1644) ~[spring-beans-5.0.10.RELEASE.jar:5.0.10.RELEASE]
	at org.springframework.beans.factory.support.AbstractAutowireCapableBeanFactory.getObjectForBeanInstance(AbstractAutowireCapableBeanFactory.java:1174) ~[spring-beans-5.0.10.RELEASE.jar:5.0.10.RELEASE]
	at org.springframework.beans.factory.support.AbstractBeanFactory.doGetBean(AbstractBeanFactory.java:257) ~[spring-beans-5.0.10.RELEASE.jar:5.0.10.RELEASE]
	at org.springframework.beans.factory.support.AbstractBeanFactory.getBean(AbstractBeanFactory.java:199) ~[spring-beans-5.0.10.RELEASE.jar:5.0.10.RELEASE]
	at org.springframework.beans.factory.config.DependencyDescriptor.resolveCandidate(DependencyDescriptor.java:251) ~[spring-beans-5.0.10.RELEASE.jar:5.0.10.RELEASE]
	at org.springframework.beans.factory.support.DefaultListableBeanFactory.addCandidateEntry(DefaultListableBeanFactory.java:1322) ~[spring-beans-5.0.10.RELEASE.jar:5.0.10.RELEASE]
	at org.springframework.beans.factory.support.DefaultListableBeanFactory.findAutowireCandidates(DefaultListableBeanFactory.java:1288) ~[spring-beans-5.0.10.RELEASE.jar:5.0.10.RELEASE]
	at org.springframework.beans.factory.support.DefaultListableBeanFactory.doResolveDependency(DefaultListableBeanFactory.java:1098) ~[spring-beans-5.0.10.RELEASE.jar:5.0.10.RELEASE]
	at org.springframework.beans.factory.support.DefaultListableBeanFactory.resolveDependency(DefaultListableBeanFactory.java:1062) ~[spring-beans-5.0.10.RELEASE.jar:5.0.10.RELEASE]
	at org.springframework.beans.factory.annotation.AutowiredAnnotationBeanPostProcessor$AutowiredFieldElement.inject(AutowiredAnnotationBeanPostProcessor.java:581) ~[spring-beans-5.0.10.RELEASE.jar:5.0.10.RELEASE]
	... 24 common frames omitted
Caused by: java.lang.IllegalStateException: No Feign Client for loadBalancing defined. Did you forget to include spring-cloud-starter-netflix-ribbon?
	at org.springframework.cloud.openfeign.FeignClientFactoryBean.loadBalance(FeignClientFactoryBean.java:226) ~[spring-cloud-openfeign-core-2.0.1.RELEASE.jar:2.0.1.RELEASE]
	at org.springframework.cloud.openfeign.FeignClientFactoryBean.getObject(FeignClientFactoryBean.java:244) ~[spring-cloud-openfeign-core-2.0.1.RELEASE.jar:2.0.1.RELEASE]
	at org.springframework.beans.factory.support.FactoryBeanRegistrySupport.doGetObjectFromFactoryBean(FactoryBeanRegistrySupport.java:171) ~[spring-beans-5.0.10.RELEASE.jar:5.0.10.RELEASE]
	... 35 common frames omitted

2018-10-27 11:33:18.606  INFO 3848 --- [restartedMain] c.e.m.s.ShapeServiceApplication          : No active profile set, falling back to default profiles: default
2018-10-27 11:33:18.622  INFO 3848 --- [restartedMain] ConfigServletWebServerApplicationContext : Refreshing org.springframework.boot.web.servlet.context.AnnotationConfigServletWebServerApplicationContext@6d52dc14: startup date [Sat Oct 27 11:33:18 IST 2018]; parent: org.springframework.context.annotation.AnnotationConfigApplicationContext@97a87e5
2018-10-27 11:33:20.007  INFO 3848 --- [restartedMain] o.s.cloud.context.scope.GenericScope     : BeanFactory id=54e34758-3b6e-3d02-9a6f-8a1ed4d5832e
2018-10-27 11:33:20.016  INFO 3848 --- [restartedMain] f.a.AutowiredAnnotationBeanPostProcessor : JSR-330 'javax.inject.Inject' annotation found and supported for autowiring
2018-10-27 11:33:20.123  INFO 3848 --- [restartedMain] trationDelegate$BeanPostProcessorChecker : Bean 'org.springframework.cloud.autoconfigure.ConfigurationPropertiesRebinderAutoConfiguration' of type [org.springframework.cloud.autoconfigure.ConfigurationPropertiesRebinderAutoConfiguration$$EnhancerBySpringCGLIB$$f5d7004b] is not eligible for getting processed by all BeanPostProcessors (for example: not eligible for auto-proxying)
2018-10-27 11:33:20.670  INFO 3848 --- [restartedMain] o.s.b.w.embedded.tomcat.TomcatWebServer  : Tomcat initialized with port(s): 8200 (http)
2018-10-27 11:33:20.686  INFO 3848 --- [restartedMain] o.apache.catalina.core.StandardService   : Starting service [Tomcat]
2018-10-27 11:33:20.686  INFO 3848 --- [restartedMain] org.apache.catalina.core.StandardEngine  : Starting Servlet Engine: Apache Tomcat/8.5.34
2018-10-27 11:33:20.702  INFO 3848 --- [localhost-startStop-1] o.a.catalina.core.AprLifecycleListener   : The APR based Apache Tomcat Native library which allows optimal performance in production environments was not found on the java.library.path: [C:\Program Files\Java\jre1.8.0_191\bin;C:\WINDOWS\Sun\Java\bin;C:\WINDOWS\system32;C:\WINDOWS;C:/Program Files/Java/jre1.8.0_191/bin/server;C:/Program Files/Java/jre1.8.0_191/bin;C:/Program Files/Java/jre1.8.0_191/lib/amd64;C:\Program Files (x86)\Common Files\Oracle\Java\javapath;C:\WINDOWS\system32;C:\WINDOWS;C:\WINDOWS\System32\Wbem;C:\WINDOWS\System32\WindowsPowerShell\v1.0\;C:\Program Files\Java\jdk1.8.0_191\bin;C:\Users\TapojitBhattacharya\Softwares\apache-maven-3.5.2-bin\apache-maven-3.5.2\bin;C:\Program Files\IBM\Bluemix\bin;C:\WINDOWS\System32\OpenSSH\;C:\Program Files\Git\cmd;C:\Users\TapojitBhattacharya\AppData\Local\Microsoft\WindowsApps;C:\Program Files (x86)\CVSNT\;%USERPROFILE%\AppData\Local\Microsoft\WindowsApps;;C:\Users\TapojitBhattacharya\Documents\Personal\Softwares\sts-bundle\sts-3.9.6.RELEASE;;.]
2018-10-27 11:33:20.872  INFO 3848 --- [localhost-startStop-1] o.a.c.c.C.[Tomcat].[localhost].[/]       : Initializing Spring embedded WebApplicationContext
2018-10-27 11:33:20.876  INFO 3848 --- [localhost-startStop-1] o.s.web.context.ContextLoader            : Root WebApplicationContext: initialization completed in 2250 ms
2018-10-27 11:33:21.740  INFO 3848 --- [localhost-startStop-1] o.s.b.w.servlet.FilterRegistrationBean   : Mapping filter: 'characterEncodingFilter' to: [/*]
2018-10-27 11:33:21.744  INFO 3848 --- [localhost-startStop-1] o.s.b.w.servlet.FilterRegistrationBean   : Mapping filter: 'webMvcMetricsFilter' to: [/*]
2018-10-27 11:33:21.744  INFO 3848 --- [localhost-startStop-1] o.s.b.w.servlet.FilterRegistrationBean   : Mapping filter: 'hiddenHttpMethodFilter' to: [/*]
2018-10-27 11:33:21.744  INFO 3848 --- [localhost-startStop-1] o.s.b.w.servlet.FilterRegistrationBean   : Mapping filter: 'httpPutFormContentFilter' to: [/*]
2018-10-27 11:33:21.744  INFO 3848 --- [localhost-startStop-1] o.s.b.w.servlet.FilterRegistrationBean   : Mapping filter: 'requestContextFilter' to: [/*]
2018-10-27 11:33:21.744  INFO 3848 --- [localhost-startStop-1] o.s.b.w.servlet.FilterRegistrationBean   : Mapping filter: 'httpTraceFilter' to: [/*]
2018-10-27 11:33:21.744  INFO 3848 --- [localhost-startStop-1] o.s.b.w.servlet.ServletRegistrationBean  : Servlet dispatcherServlet mapped to [/]
2018-10-27 11:33:21.791  INFO 3848 --- [restartedMain] s.c.a.AnnotationConfigApplicationContext : Refreshing FeignContext-area-service: startup date [Sat Oct 27 11:33:21 IST 2018]; parent: org.springframework.boot.web.servlet.context.AnnotationConfigServletWebServerApplicationContext@6d52dc14
2018-10-27 11:33:21.821  INFO 3848 --- [restartedMain] f.a.AutowiredAnnotationBeanPostProcessor : JSR-330 'javax.inject.Inject' annotation found and supported for autowiring
2018-10-27 11:33:22.032  INFO 3848 --- [restartedMain] s.c.a.AnnotationConfigApplicationContext : Refreshing FeignContext-perimeter-service: startup date [Sat Oct 27 11:33:22 IST 2018]; parent: org.springframework.boot.web.servlet.context.AnnotationConfigServletWebServerApplicationContext@6d52dc14
2018-10-27 11:33:22.047  INFO 3848 --- [restartedMain] f.a.AutowiredAnnotationBeanPostProcessor : JSR-330 'javax.inject.Inject' annotation found and supported for autowiring
2018-10-27 11:33:22.079  WARN 3848 --- [restartedMain] c.n.c.sources.URLConfigurationSource     : No URLs will be polled as dynamic configuration sources.
2018-10-27 11:33:22.079  INFO 3848 --- [restartedMain] c.n.c.sources.URLConfigurationSource     : To enable URLs as dynamic configuration sources, define System property archaius.configurationSource.additionalUrls or make config.properties available on classpath.
2018-10-27 11:33:22.094  WARN 3848 --- [restartedMain] c.n.c.sources.URLConfigurationSource     : No URLs will be polled as dynamic configuration sources.
2018-10-27 11:33:22.094  INFO 3848 --- [restartedMain] c.n.c.sources.URLConfigurationSource     : To enable URLs as dynamic configuration sources, define System property archaius.configurationSource.additionalUrls or make config.properties available on classpath.
2018-10-27 11:33:22.385  INFO 3848 --- [restartedMain] o.s.w.s.handler.SimpleUrlHandlerMapping  : Mapped URL path [/**/favicon.ico] onto handler of type [class org.springframework.web.servlet.resource.ResourceHttpRequestHandler]
2018-10-27 11:33:22.614  INFO 3848 --- [restartedMain] s.w.s.m.m.a.RequestMappingHandlerAdapter : Looking for @ControllerAdvice: org.springframework.boot.web.servlet.context.AnnotationConfigServletWebServerApplicationContext@6d52dc14: startup date [Sat Oct 27 11:33:18 IST 2018]; parent: org.springframework.context.annotation.AnnotationConfigApplicationContext@97a87e5
2018-10-27 11:33:22.677  INFO 3848 --- [restartedMain] s.w.s.m.m.a.RequestMappingHandlerMapping : Mapped "{[/shapeDetails/shapeType/{shapeType}],methods=[GET]}" onto public com.evergreenprogrammers.microservices.shapeservice.bo.Shape com.evergreenprogrammers.microservices.shapeservice.controller.ShapeServiceController.getShapeDetails(java.lang.String)
2018-10-27 11:33:22.677  INFO 3848 --- [restartedMain] s.w.s.m.m.a.RequestMappingHandlerMapping : Mapped "{[/shapeDetailsFeign/shapeType/{shapeType}],methods=[GET]}" onto public com.evergreenprogrammers.microservices.shapeservice.bo.Shape com.evergreenprogrammers.microservices.shapeservice.controller.ShapeServiceController.getShapeDetailsFeign(java.lang.String)
2018-10-27 11:33:22.677  INFO 3848 --- [restartedMain] s.w.s.m.m.a.RequestMappingHandlerMapping : Mapped "{[/error]}" onto public org.springframework.http.ResponseEntity<java.util.Map<java.lang.String, java.lang.Object>> org.springframework.boot.autoconfigure.web.servlet.error.BasicErrorController.error(javax.servlet.http.HttpServletRequest)
2018-10-27 11:33:22.677  INFO 3848 --- [restartedMain] s.w.s.m.m.a.RequestMappingHandlerMapping : Mapped "{[/error],produces=[text/html]}" onto public org.springframework.web.servlet.ModelAndView org.springframework.boot.autoconfigure.web.servlet.error.BasicErrorController.errorHtml(javax.servlet.http.HttpServletRequest,javax.servlet.http.HttpServletResponse)
2018-10-27 11:33:22.730  INFO 3848 --- [restartedMain] o.s.w.s.handler.SimpleUrlHandlerMapping  : Mapped URL path [/webjars/**] onto handler of type [class org.springframework.web.servlet.resource.ResourceHttpRequestHandler]
2018-10-27 11:33:22.730  INFO 3848 --- [restartedMain] o.s.w.s.handler.SimpleUrlHandlerMapping  : Mapped URL path [/**] onto handler of type [class org.springframework.web.servlet.resource.ResourceHttpRequestHandler]
2018-10-27 11:33:23.155  WARN 3848 --- [restartedMain] o.s.b.d.a.OptionalLiveReloadServer       : Unable to start LiveReload server
2018-10-27 11:33:24.576  INFO 3848 --- [restartedMain] o.s.cloud.commons.util.InetUtils         : Cannot determine local hostname
2018-10-27 11:33:24.705  INFO 3848 --- [restartedMain] o.s.b.a.e.web.EndpointLinksResolver      : Exposing 2 endpoint(s) beneath base path '/actuator'
2018-10-27 11:33:24.722  INFO 3848 --- [restartedMain] s.b.a.e.w.s.WebMvcEndpointHandlerMapping : Mapped "{[/actuator/health],methods=[GET],produces=[application/vnd.spring-boot.actuator.v2+json || application/json]}" onto public java.lang.Object org.springframework.boot.actuate.endpoint.web.servlet.AbstractWebMvcEndpointHandlerMapping$OperationHandler.handle(javax.servlet.http.HttpServletRequest,java.util.Map<java.lang.String, java.lang.String>)
2018-10-27 11:33:24.738  INFO 3848 --- [restartedMain] s.b.a.e.w.s.WebMvcEndpointHandlerMapping : Mapped "{[/actuator/info],methods=[GET],produces=[application/vnd.spring-boot.actuator.v2+json || application/json]}" onto public java.lang.Object org.springframework.boot.actuate.endpoint.web.servlet.AbstractWebMvcEndpointHandlerMapping$OperationHandler.handle(javax.servlet.http.HttpServletRequest,java.util.Map<java.lang.String, java.lang.String>)
2018-10-27 11:33:24.738  INFO 3848 --- [restartedMain] s.b.a.e.w.s.WebMvcEndpointHandlerMapping : Mapped "{[/actuator],methods=[GET],produces=[application/vnd.spring-boot.actuator.v2+json || application/json]}" onto protected java.util.Map<java.lang.String, java.util.Map<java.lang.String, org.springframework.boot.actuate.endpoint.web.Link>> org.springframework.boot.actuate.endpoint.web.servlet.WebMvcEndpointHandlerMapping.links(javax.servlet.http.HttpServletRequest,javax.servlet.http.HttpServletResponse)
2018-10-27 11:33:24.822  INFO 3848 --- [restartedMain] o.s.j.e.a.AnnotationMBeanExporter        : Registering beans for JMX exposure on startup
2018-10-27 11:33:24.854  INFO 3848 --- [restartedMain] o.s.j.e.a.AnnotationMBeanExporter        : Bean with name 'environmentManager' has been autodetected for JMX exposure
2018-10-27 11:33:24.854  INFO 3848 --- [restartedMain] o.s.j.e.a.AnnotationMBeanExporter        : Bean with name 'refreshScope' has been autodetected for JMX exposure
2018-10-27 11:33:24.858  INFO 3848 --- [restartedMain] o.s.j.e.a.AnnotationMBeanExporter        : Bean with name 'configurationPropertiesRebinder' has been autodetected for JMX exposure
2018-10-27 11:33:24.866  INFO 3848 --- [restartedMain] o.s.j.e.a.AnnotationMBeanExporter        : Located managed bean 'environmentManager': registering with JMX server as MBean [org.springframework.cloud.context.environment:name=environmentManager,type=EnvironmentManager]
2018-10-27 11:33:24.882  INFO 3848 --- [restartedMain] o.s.j.e.a.AnnotationMBeanExporter        : Located managed bean 'refreshScope': registering with JMX server as MBean [org.springframework.cloud.context.scope.refresh:name=refreshScope,type=RefreshScope]
2018-10-27 11:33:24.898  INFO 3848 --- [restartedMain] o.s.j.e.a.AnnotationMBeanExporter        : Located managed bean 'configurationPropertiesRebinder': registering with JMX server as MBean [org.springframework.cloud.context.properties:name=configurationPropertiesRebinder,context=6d52dc14,type=ConfigurationPropertiesRebinder]
2018-10-27 11:33:25.011  INFO 3848 --- [restartedMain] o.s.b.w.embedded.tomcat.TomcatWebServer  : Tomcat started on port(s): 8200 (http) with context path ''
2018-10-27 11:33:25.011  INFO 3848 --- [restartedMain] c.e.m.s.ShapeServiceApplication          : Started ShapeServiceApplication in 10.123 seconds (JVM running for 11.485)
2018-10-27 11:38:07.877  INFO 3848 --- [Thread-3] s.c.a.AnnotationConfigApplicationContext : Closing org.springframework.context.annotation.AnnotationConfigApplicationContext@97a87e5: startup date [Sat Oct 27 11:33:16 IST 2018]; root of context hierarchy
2018-10-27 11:38:07.882  INFO 3848 --- [Thread-3] ConfigServletWebServerApplicationContext : Closing org.springframework.boot.web.servlet.context.AnnotationConfigServletWebServerApplicationContext@6d52dc14: startup date [Sat Oct 27 11:33:18 IST 2018]; parent: org.springframework.context.annotation.AnnotationConfigApplicationContext@97a87e5
2018-10-27 11:38:07.890  INFO 3848 --- [Thread-3] o.s.j.e.a.AnnotationMBeanExporter        : Unregistering JMX-exposed beans on shutdown
2018-10-27 11:38:07.890  INFO 3848 --- [Thread-3] o.s.j.e.a.AnnotationMBeanExporter        : Unregistering JMX-exposed beans
2018-10-27 11:38:07.902  INFO 3848 --- [Thread-3] s.c.a.AnnotationConfigApplicationContext : Closing FeignContext-area-service: startup date [Sat Oct 27 11:33:21 IST 2018]; parent: org.springframework.boot.web.servlet.context.AnnotationConfigServletWebServerApplicationContext@6d52dc14
2018-10-27 11:38:07.906  INFO 3848 --- [Thread-3] s.c.a.AnnotationConfigApplicationContext : Closing FeignContext-perimeter-service: startup date [Sat Oct 27 11:33:22 IST 2018]; parent: org.springframework.boot.web.servlet.context.AnnotationConfigServletWebServerApplicationContext@6d52dc14
2018-10-27 11:38:12.209  INFO 3848 --- [restartedMain] c.e.m.s.ShapeServiceApplication          : No active profile set, falling back to default profiles: default
2018-10-27 11:38:12.209  INFO 3848 --- [restartedMain] ConfigServletWebServerApplicationContext : Refreshing org.springframework.boot.web.servlet.context.AnnotationConfigServletWebServerApplicationContext@7188d411: startup date [Sat Oct 27 11:38:12 IST 2018]; parent: org.springframework.context.annotation.AnnotationConfigApplicationContext@27d396d0
2018-10-27 11:38:13.200  INFO 3848 --- [restartedMain] o.s.cloud.context.scope.GenericScope     : BeanFactory id=54e34758-3b6e-3d02-9a6f-8a1ed4d5832e
2018-10-27 11:38:13.211  INFO 3848 --- [restartedMain] f.a.AutowiredAnnotationBeanPostProcessor : JSR-330 'javax.inject.Inject' annotation found and supported for autowiring
2018-10-27 11:38:13.227  INFO 3848 --- [restartedMain] trationDelegate$BeanPostProcessorChecker : Bean 'org.springframework.cloud.autoconfigure.ConfigurationPropertiesRebinderAutoConfiguration' of type [org.springframework.cloud.autoconfigure.ConfigurationPropertiesRebinderAutoConfiguration$$EnhancerBySpringCGLIB$$f5d7004b] is not eligible for getting processed by all BeanPostProcessors (for example: not eligible for auto-proxying)
2018-10-27 11:38:13.412  INFO 3848 --- [restartedMain] o.s.b.w.embedded.tomcat.TomcatWebServer  : Tomcat initialized with port(s): 8200 (http)
2018-10-27 11:38:13.412  INFO 3848 --- [restartedMain] o.apache.catalina.core.StandardService   : Starting service [Tomcat]
2018-10-27 11:38:13.412  INFO 3848 --- [restartedMain] org.apache.catalina.core.StandardEngine  : Starting Servlet Engine: Apache Tomcat/8.5.34
2018-10-27 11:38:13.458  INFO 3848 --- [localhost-startStop-1] o.a.c.c.C.[Tomcat].[localhost].[/]       : Initializing Spring embedded WebApplicationContext
2018-10-27 11:38:13.458  INFO 3848 --- [localhost-startStop-1] o.s.web.context.ContextLoader            : Root WebApplicationContext: initialization completed in 1249 ms
2018-10-27 11:38:13.663  INFO 3848 --- [localhost-startStop-1] o.s.b.w.servlet.FilterRegistrationBean   : Mapping filter: 'characterEncodingFilter' to: [/*]
2018-10-27 11:38:13.663  INFO 3848 --- [localhost-startStop-1] o.s.b.w.servlet.FilterRegistrationBean   : Mapping filter: 'webMvcMetricsFilter' to: [/*]
2018-10-27 11:38:13.663  INFO 3848 --- [localhost-startStop-1] o.s.b.w.servlet.FilterRegistrationBean   : Mapping filter: 'hiddenHttpMethodFilter' to: [/*]
2018-10-27 11:38:13.663  INFO 3848 --- [localhost-startStop-1] o.s.b.w.servlet.FilterRegistrationBean   : Mapping filter: 'httpPutFormContentFilter' to: [/*]
2018-10-27 11:38:13.663  INFO 3848 --- [localhost-startStop-1] o.s.b.w.servlet.FilterRegistrationBean   : Mapping filter: 'requestContextFilter' to: [/*]
2018-10-27 11:38:13.663  INFO 3848 --- [localhost-startStop-1] o.s.b.w.servlet.FilterRegistrationBean   : Mapping filter: 'httpTraceFilter' to: [/*]
2018-10-27 11:38:13.679  INFO 3848 --- [localhost-startStop-1] o.s.b.w.servlet.ServletRegistrationBean  : Servlet dispatcherServlet mapped to [/]
2018-10-27 11:38:13.694  INFO 3848 --- [restartedMain] s.c.a.AnnotationConfigApplicationContext : Refreshing FeignContext-area-service: startup date [Sat Oct 27 11:38:13 IST 2018]; parent: org.springframework.boot.web.servlet.context.AnnotationConfigServletWebServerApplicationContext@7188d411
2018-10-27 11:38:13.711  INFO 3848 --- [restartedMain] f.a.AutowiredAnnotationBeanPostProcessor : JSR-330 'javax.inject.Inject' annotation found and supported for autowiring
2018-10-27 11:38:13.779  INFO 3848 --- [restartedMain] s.c.a.AnnotationConfigApplicationContext : Refreshing FeignContext-perimeter-service: startup date [Sat Oct 27 11:38:13 IST 2018]; parent: org.springframework.boot.web.servlet.context.AnnotationConfigServletWebServerApplicationContext@7188d411
2018-10-27 11:38:13.795  INFO 3848 --- [restartedMain] f.a.AutowiredAnnotationBeanPostProcessor : JSR-330 'javax.inject.Inject' annotation found and supported for autowiring
2018-10-27 11:38:13.811  WARN 3848 --- [restartedMain] c.n.c.sources.URLConfigurationSource     : No URLs will be polled as dynamic configuration sources.
2018-10-27 11:38:13.811  INFO 3848 --- [restartedMain] c.n.c.sources.URLConfigurationSource     : To enable URLs as dynamic configuration sources, define System property archaius.configurationSource.additionalUrls or make config.properties available on classpath.
2018-10-27 11:38:13.863  INFO 3848 --- [restartedMain] o.s.w.s.handler.SimpleUrlHandlerMapping  : Mapped URL path [/**/favicon.ico] onto handler of type [class org.springframework.web.servlet.resource.ResourceHttpRequestHandler]
2018-10-27 11:38:13.936  INFO 3848 --- [restartedMain] s.w.s.m.m.a.RequestMappingHandlerAdapter : Looking for @ControllerAdvice: org.springframework.boot.web.servlet.context.AnnotationConfigServletWebServerApplicationContext@7188d411: startup date [Sat Oct 27 11:38:12 IST 2018]; parent: org.springframework.context.annotation.AnnotationConfigApplicationContext@27d396d0
2018-10-27 11:38:13.962  INFO 3848 --- [restartedMain] s.w.s.m.m.a.RequestMappingHandlerMapping : Mapped "{[/shapeDetails/shapeType/{shapeType}],methods=[GET]}" onto public com.evergreenprogrammers.microservices.shapeservice.bo.Shape com.evergreenprogrammers.microservices.shapeservice.controller.ShapeServiceController.getShapeDetails(java.lang.String)
2018-10-27 11:38:13.962  INFO 3848 --- [restartedMain] s.w.s.m.m.a.RequestMappingHandlerMapping : Mapped "{[/shapeDetailsFeign/shapeType/{shapeType}],methods=[GET]}" onto public com.evergreenprogrammers.microservices.shapeservice.bo.Shape com.evergreenprogrammers.microservices.shapeservice.controller.ShapeServiceController.getShapeDetailsFeign(java.lang.String)
2018-10-27 11:38:13.970  INFO 3848 --- [restartedMain] s.w.s.m.m.a.RequestMappingHandlerMapping : Mapped "{[/error]}" onto public org.springframework.http.ResponseEntity<java.util.Map<java.lang.String, java.lang.Object>> org.springframework.boot.autoconfigure.web.servlet.error.BasicErrorController.error(javax.servlet.http.HttpServletRequest)
2018-10-27 11:38:13.970  INFO 3848 --- [restartedMain] s.w.s.m.m.a.RequestMappingHandlerMapping : Mapped "{[/error],produces=[text/html]}" onto public org.springframework.web.servlet.ModelAndView org.springframework.boot.autoconfigure.web.servlet.error.BasicErrorController.errorHtml(javax.servlet.http.HttpServletRequest,javax.servlet.http.HttpServletResponse)
2018-10-27 11:38:13.983  INFO 3848 --- [restartedMain] o.s.w.s.handler.SimpleUrlHandlerMapping  : Mapped URL path [/webjars/**] onto handler of type [class org.springframework.web.servlet.resource.ResourceHttpRequestHandler]
2018-10-27 11:38:13.999  INFO 3848 --- [restartedMain] o.s.w.s.handler.SimpleUrlHandlerMapping  : Mapped URL path [/**] onto handler of type [class org.springframework.web.servlet.resource.ResourceHttpRequestHandler]
2018-10-27 11:38:14.212  WARN 3848 --- [restartedMain] o.s.b.d.a.OptionalLiveReloadServer       : Unable to start LiveReload server
2018-10-27 11:38:15.585  INFO 3848 --- [restartedMain] o.s.cloud.commons.util.InetUtils         : Cannot determine local hostname
2018-10-27 11:38:15.609  INFO 3848 --- [restartedMain] o.s.b.a.e.web.EndpointLinksResolver      : Exposing 2 endpoint(s) beneath base path '/actuator'
2018-10-27 11:38:15.616  INFO 3848 --- [restartedMain] s.b.a.e.w.s.WebMvcEndpointHandlerMapping : Mapped "{[/actuator/health],methods=[GET],produces=[application/vnd.spring-boot.actuator.v2+json || application/json]}" onto public java.lang.Object org.springframework.boot.actuate.endpoint.web.servlet.AbstractWebMvcEndpointHandlerMapping$OperationHandler.handle(javax.servlet.http.HttpServletRequest,java.util.Map<java.lang.String, java.lang.String>)
2018-10-27 11:38:15.616  INFO 3848 --- [restartedMain] s.b.a.e.w.s.WebMvcEndpointHandlerMapping : Mapped "{[/actuator/info],methods=[GET],produces=[application/vnd.spring-boot.actuator.v2+json || application/json]}" onto public java.lang.Object org.springframework.boot.actuate.endpoint.web.servlet.AbstractWebMvcEndpointHandlerMapping$OperationHandler.handle(javax.servlet.http.HttpServletRequest,java.util.Map<java.lang.String, java.lang.String>)
2018-10-27 11:38:15.616  INFO 3848 --- [restartedMain] s.b.a.e.w.s.WebMvcEndpointHandlerMapping : Mapped "{[/actuator],methods=[GET],produces=[application/vnd.spring-boot.actuator.v2+json || application/json]}" onto protected java.util.Map<java.lang.String, java.util.Map<java.lang.String, org.springframework.boot.actuate.endpoint.web.Link>> org.springframework.boot.actuate.endpoint.web.servlet.WebMvcEndpointHandlerMapping.links(javax.servlet.http.HttpServletRequest,javax.servlet.http.HttpServletResponse)
2018-10-27 11:38:15.647  INFO 3848 --- [restartedMain] o.s.j.e.a.AnnotationMBeanExporter        : Registering beans for JMX exposure on startup
2018-10-27 11:38:15.647  INFO 3848 --- [restartedMain] o.s.j.e.a.AnnotationMBeanExporter        : Bean with name 'environmentManager' has been autodetected for JMX exposure
2018-10-27 11:38:15.647  INFO 3848 --- [restartedMain] o.s.j.e.a.AnnotationMBeanExporter        : Bean with name 'refreshScope' has been autodetected for JMX exposure
2018-10-27 11:38:15.662  INFO 3848 --- [restartedMain] o.s.j.e.a.AnnotationMBeanExporter        : Bean with name 'configurationPropertiesRebinder' has been autodetected for JMX exposure
2018-10-27 11:38:15.662  INFO 3848 --- [restartedMain] o.s.j.e.a.AnnotationMBeanExporter        : Located managed bean 'environmentManager': registering with JMX server as MBean [org.springframework.cloud.context.environment:name=environmentManager,type=EnvironmentManager]
2018-10-27 11:38:15.662  INFO 3848 --- [restartedMain] o.s.j.e.a.AnnotationMBeanExporter        : Located managed bean 'refreshScope': registering with JMX server as MBean [org.springframework.cloud.context.scope.refresh:name=refreshScope,type=RefreshScope]
2018-10-27 11:38:15.662  INFO 3848 --- [restartedMain] o.s.j.e.a.AnnotationMBeanExporter        : Located managed bean 'configurationPropertiesRebinder': registering with JMX server as MBean [org.springframework.cloud.context.properties:name=configurationPropertiesRebinder,context=7188d411,type=ConfigurationPropertiesRebinder]
2018-10-27 11:38:15.716  INFO 3848 --- [restartedMain] o.s.b.w.embedded.tomcat.TomcatWebServer  : Tomcat started on port(s): 8200 (http) with context path ''
2018-10-27 11:38:15.716  INFO 3848 --- [restartedMain] c.e.m.s.ShapeServiceApplication          : Started ShapeServiceApplication in 6.838 seconds (JVM running for 302.187)
2018-10-27 11:38:15.716  INFO 3848 --- [restartedMain] .ConditionEvaluationDeltaLoggingListener : Condition evaluation unchanged
2018-10-27 11:43:26.344  INFO 3848 --- [Thread-18] s.c.a.AnnotationConfigApplicationContext : Closing org.springframework.context.annotation.AnnotationConfigApplicationContext@27d396d0: startup date [Sat Oct 27 11:38:10 IST 2018]; root of context hierarchy
2018-10-27 11:43:26.398  INFO 3848 --- [Thread-18] ConfigServletWebServerApplicationContext : Closing org.springframework.boot.web.servlet.context.AnnotationConfigServletWebServerApplicationContext@7188d411: startup date [Sat Oct 27 11:38:12 IST 2018]; parent: org.springframework.context.annotation.AnnotationConfigApplicationContext@27d396d0
2018-10-27 11:43:26.414  INFO 3848 --- [Thread-18] o.s.j.e.a.AnnotationMBeanExporter        : Unregistering JMX-exposed beans on shutdown
2018-10-27 11:43:26.418  INFO 3848 --- [Thread-18] o.s.j.e.a.AnnotationMBeanExporter        : Unregistering JMX-exposed beans
2018-10-27 11:43:26.418  INFO 3848 --- [Thread-18] s.c.a.AnnotationConfigApplicationContext : Closing FeignContext-area-service: startup date [Sat Oct 27 11:38:13 IST 2018]; parent: org.springframework.boot.web.servlet.context.AnnotationConfigServletWebServerApplicationContext@7188d411
2018-10-27 11:43:26.418  INFO 3848 --- [Thread-18] s.c.a.AnnotationConfigApplicationContext : Closing FeignContext-perimeter-service: startup date [Sat Oct 27 11:38:13 IST 2018]; parent: org.springframework.boot.web.servlet.context.AnnotationConfigServletWebServerApplicationContext@7188d411
2018-10-27 11:43:30.111  INFO 3848 --- [restartedMain] c.e.m.s.ShapeServiceApplication          : No active profile set, falling back to default profiles: default
2018-10-27 11:43:30.111  INFO 3848 --- [restartedMain] ConfigServletWebServerApplicationContext : Refreshing org.springframework.boot.web.servlet.context.AnnotationConfigServletWebServerApplicationContext@5729de49: startup date [Sat Oct 27 11:43:30 IST 2018]; parent: org.springframework.context.annotation.AnnotationConfigApplicationContext@2a7cd1b8
2018-10-27 11:43:30.767  INFO 3848 --- [restartedMain] o.s.cloud.context.scope.GenericScope     : BeanFactory id=54e34758-3b6e-3d02-9a6f-8a1ed4d5832e
2018-10-27 11:43:30.775  INFO 3848 --- [restartedMain] f.a.AutowiredAnnotationBeanPostProcessor : JSR-330 'javax.inject.Inject' annotation found and supported for autowiring
2018-10-27 11:43:30.791  INFO 3848 --- [restartedMain] trationDelegate$BeanPostProcessorChecker : Bean 'org.springframework.cloud.autoconfigure.ConfigurationPropertiesRebinderAutoConfiguration' of type [org.springframework.cloud.autoconfigure.ConfigurationPropertiesRebinderAutoConfiguration$$EnhancerBySpringCGLIB$$f5d7004b] is not eligible for getting processed by all BeanPostProcessors (for example: not eligible for auto-proxying)
2018-10-27 11:43:30.967  INFO 3848 --- [restartedMain] o.s.b.w.embedded.tomcat.TomcatWebServer  : Tomcat initialized with port(s): 8200 (http)
2018-10-27 11:43:30.971  INFO 3848 --- [restartedMain] o.apache.catalina.core.StandardService   : Starting service [Tomcat]
2018-10-27 11:43:30.971  INFO 3848 --- [restartedMain] org.apache.catalina.core.StandardEngine  : Starting Servlet Engine: Apache Tomcat/8.5.34
2018-10-27 11:43:31.003  INFO 3848 --- [localhost-startStop-1] o.a.c.c.C.[Tomcat].[localhost].[/]       : Initializing Spring embedded WebApplicationContext
2018-10-27 11:43:31.003  INFO 3848 --- [localhost-startStop-1] o.s.web.context.ContextLoader            : Root WebApplicationContext: initialization completed in 892 ms
2018-10-27 11:43:31.171  INFO 3848 --- [localhost-startStop-1] o.s.b.w.servlet.FilterRegistrationBean   : Mapping filter: 'characterEncodingFilter' to: [/*]
2018-10-27 11:43:31.172  INFO 3848 --- [localhost-startStop-1] o.s.b.w.servlet.FilterRegistrationBean   : Mapping filter: 'webMvcMetricsFilter' to: [/*]
2018-10-27 11:43:31.172  INFO 3848 --- [localhost-startStop-1] o.s.b.w.servlet.FilterRegistrationBean   : Mapping filter: 'hiddenHttpMethodFilter' to: [/*]
2018-10-27 11:43:31.172  INFO 3848 --- [localhost-startStop-1] o.s.b.w.servlet.FilterRegistrationBean   : Mapping filter: 'httpPutFormContentFilter' to: [/*]
2018-10-27 11:43:31.172  INFO 3848 --- [localhost-startStop-1] o.s.b.w.servlet.FilterRegistrationBean   : Mapping filter: 'requestContextFilter' to: [/*]
2018-10-27 11:43:31.172  INFO 3848 --- [localhost-startStop-1] o.s.b.w.servlet.FilterRegistrationBean   : Mapping filter: 'httpTraceFilter' to: [/*]
2018-10-27 11:43:31.174  INFO 3848 --- [localhost-startStop-1] o.s.b.w.servlet.ServletRegistrationBean  : Servlet dispatcherServlet mapped to [/]
2018-10-27 11:43:31.190  INFO 3848 --- [restartedMain] s.c.a.AnnotationConfigApplicationContext : Refreshing FeignContext-area-service: startup date [Sat Oct 27 11:43:31 IST 2018]; parent: org.springframework.boot.web.servlet.context.AnnotationConfigServletWebServerApplicationContext@5729de49
2018-10-27 11:43:31.206  INFO 3848 --- [restartedMain] f.a.AutowiredAnnotationBeanPostProcessor : JSR-330 'javax.inject.Inject' annotation found and supported for autowiring
2018-10-27 11:43:31.262  INFO 3848 --- [restartedMain] s.c.a.AnnotationConfigApplicationContext : Refreshing FeignContext-perimeter-service: startup date [Sat Oct 27 11:43:31 IST 2018]; parent: org.springframework.boot.web.servlet.context.AnnotationConfigServletWebServerApplicationContext@5729de49
2018-10-27 11:43:31.278  INFO 3848 --- [restartedMain] f.a.AutowiredAnnotationBeanPostProcessor : JSR-330 'javax.inject.Inject' annotation found and supported for autowiring
2018-10-27 11:43:31.294  WARN 3848 --- [restartedMain] c.n.c.sources.URLConfigurationSource     : No URLs will be polled as dynamic configuration sources.
2018-10-27 11:43:31.294  INFO 3848 --- [restartedMain] c.n.c.sources.URLConfigurationSource     : To enable URLs as dynamic configuration sources, define System property archaius.configurationSource.additionalUrls or make config.properties available on classpath.
2018-10-27 11:43:31.318  INFO 3848 --- [restartedMain] o.s.w.s.handler.SimpleUrlHandlerMapping  : Mapped URL path [/**/favicon.ico] onto handler of type [class org.springframework.web.servlet.resource.ResourceHttpRequestHandler]
2018-10-27 11:43:31.362  INFO 3848 --- [restartedMain] s.w.s.m.m.a.RequestMappingHandlerAdapter : Looking for @ControllerAdvice: org.springframework.boot.web.servlet.context.AnnotationConfigServletWebServerApplicationContext@5729de49: startup date [Sat Oct 27 11:43:30 IST 2018]; parent: org.springframework.context.annotation.AnnotationConfigApplicationContext@2a7cd1b8
2018-10-27 11:43:31.374  INFO 3848 --- [restartedMain] s.w.s.m.m.a.RequestMappingHandlerMapping : Mapped "{[/shapeDetails/shapeType/{shapeType}],methods=[GET]}" onto public com.evergreenprogrammers.microservices.shapeservice.bo.Shape com.evergreenprogrammers.microservices.shapeservice.controller.ShapeServiceController.getShapeDetails(java.lang.String)
2018-10-27 11:43:31.374  INFO 3848 --- [restartedMain] s.w.s.m.m.a.RequestMappingHandlerMapping : Mapped "{[/shapeDetailsFeign/shapeType/{shapeType}],methods=[GET]}" onto public com.evergreenprogrammers.microservices.shapeservice.bo.Shape com.evergreenprogrammers.microservices.shapeservice.controller.ShapeServiceController.getShapeDetailsFeign(java.lang.String)
2018-10-27 11:43:31.374  INFO 3848 --- [restartedMain] s.w.s.m.m.a.RequestMappingHandlerMapping : Mapped "{[/error]}" onto public org.springframework.http.ResponseEntity<java.util.Map<java.lang.String, java.lang.Object>> org.springframework.boot.autoconfigure.web.servlet.error.BasicErrorController.error(javax.servlet.http.HttpServletRequest)
2018-10-27 11:43:31.374  INFO 3848 --- [restartedMain] s.w.s.m.m.a.RequestMappingHandlerMapping : Mapped "{[/error],produces=[text/html]}" onto public org.springframework.web.servlet.ModelAndView org.springframework.boot.autoconfigure.web.servlet.error.BasicErrorController.errorHtml(javax.servlet.http.HttpServletRequest,javax.servlet.http.HttpServletResponse)
2018-10-27 11:43:31.386  INFO 3848 --- [restartedMain] o.s.w.s.handler.SimpleUrlHandlerMapping  : Mapped URL path [/webjars/**] onto handler of type [class org.springframework.web.servlet.resource.ResourceHttpRequestHandler]
2018-10-27 11:43:31.386  INFO 3848 --- [restartedMain] o.s.w.s.handler.SimpleUrlHandlerMapping  : Mapped URL path [/**] onto handler of type [class org.springframework.web.servlet.resource.ResourceHttpRequestHandler]
2018-10-27 11:43:31.526  WARN 3848 --- [restartedMain] o.s.b.d.a.OptionalLiveReloadServer       : Unable to start LiveReload server
2018-10-27 11:43:32.899  INFO 3848 --- [restartedMain] o.s.cloud.commons.util.InetUtils         : Cannot determine local hostname
2018-10-27 11:43:32.917  INFO 3848 --- [restartedMain] o.s.b.a.e.web.EndpointLinksResolver      : Exposing 2 endpoint(s) beneath base path '/actuator'
2018-10-27 11:43:32.921  INFO 3848 --- [restartedMain] s.b.a.e.w.s.WebMvcEndpointHandlerMapping : Mapped "{[/actuator/health],methods=[GET],produces=[application/vnd.spring-boot.actuator.v2+json || application/json]}" onto public java.lang.Object org.springframework.boot.actuate.endpoint.web.servlet.AbstractWebMvcEndpointHandlerMapping$OperationHandler.handle(javax.servlet.http.HttpServletRequest,java.util.Map<java.lang.String, java.lang.String>)
2018-10-27 11:43:32.925  INFO 3848 --- [restartedMain] s.b.a.e.w.s.WebMvcEndpointHandlerMapping : Mapped "{[/actuator/info],methods=[GET],produces=[application/vnd.spring-boot.actuator.v2+json || application/json]}" onto public java.lang.Object org.springframework.boot.actuate.endpoint.web.servlet.AbstractWebMvcEndpointHandlerMapping$OperationHandler.handle(javax.servlet.http.HttpServletRequest,java.util.Map<java.lang.String, java.lang.String>)
2018-10-27 11:43:32.925  INFO 3848 --- [restartedMain] s.b.a.e.w.s.WebMvcEndpointHandlerMapping : Mapped "{[/actuator],methods=[GET],produces=[application/vnd.spring-boot.actuator.v2+json || application/json]}" onto protected java.util.Map<java.lang.String, java.util.Map<java.lang.String, org.springframework.boot.actuate.endpoint.web.Link>> org.springframework.boot.actuate.endpoint.web.servlet.WebMvcEndpointHandlerMapping.links(javax.servlet.http.HttpServletRequest,javax.servlet.http.HttpServletResponse)
2018-10-27 11:43:32.953  INFO 3848 --- [restartedMain] o.s.j.e.a.AnnotationMBeanExporter        : Registering beans for JMX exposure on startup
2018-10-27 11:43:32.961  INFO 3848 --- [restartedMain] o.s.j.e.a.AnnotationMBeanExporter        : Bean with name 'environmentManager' has been autodetected for JMX exposure
2018-10-27 11:43:32.961  INFO 3848 --- [restartedMain] o.s.j.e.a.AnnotationMBeanExporter        : Bean with name 'refreshScope' has been autodetected for JMX exposure
2018-10-27 11:43:32.965  INFO 3848 --- [restartedMain] o.s.j.e.a.AnnotationMBeanExporter        : Bean with name 'configurationPropertiesRebinder' has been autodetected for JMX exposure
2018-10-27 11:43:32.969  INFO 3848 --- [restartedMain] o.s.j.e.a.AnnotationMBeanExporter        : Located managed bean 'environmentManager': registering with JMX server as MBean [org.springframework.cloud.context.environment:name=environmentManager,type=EnvironmentManager]
2018-10-27 11:43:32.969  INFO 3848 --- [restartedMain] o.s.j.e.a.AnnotationMBeanExporter        : Located managed bean 'refreshScope': registering with JMX server as MBean [org.springframework.cloud.context.scope.refresh:name=refreshScope,type=RefreshScope]
2018-10-27 11:43:32.973  INFO 3848 --- [restartedMain] o.s.j.e.a.AnnotationMBeanExporter        : Located managed bean 'configurationPropertiesRebinder': registering with JMX server as MBean [org.springframework.cloud.context.properties:name=configurationPropertiesRebinder,context=5729de49,type=ConfigurationPropertiesRebinder]
2018-10-27 11:43:33.021  INFO 3848 --- [restartedMain] o.s.b.w.embedded.tomcat.TomcatWebServer  : Tomcat started on port(s): 8200 (http) with context path ''
2018-10-27 11:43:33.025  INFO 3848 --- [restartedMain] c.e.m.s.ShapeServiceApplication          : Started ShapeServiceApplication in 5.835 seconds (JVM running for 619.491)
2018-10-27 11:43:33.033  INFO 3848 --- [restartedMain] .ConditionEvaluationDeltaLoggingListener : Condition evaluation unchanged
2018-10-27 11:44:07.987  INFO 3848 --- [Thread-31] s.c.a.AnnotationConfigApplicationContext : Closing org.springframework.context.annotation.AnnotationConfigApplicationContext@2a7cd1b8: startup date [Sat Oct 27 11:43:28 IST 2018]; root of context hierarchy
2018-10-27 11:44:07.989  INFO 3848 --- [Thread-31] ConfigServletWebServerApplicationContext : Closing org.springframework.boot.web.servlet.context.AnnotationConfigServletWebServerApplicationContext@5729de49: startup date [Sat Oct 27 11:43:30 IST 2018]; parent: org.springframework.context.annotation.AnnotationConfigApplicationContext@2a7cd1b8
2018-10-27 11:44:07.990  INFO 3848 --- [Thread-31] o.s.j.e.a.AnnotationMBeanExporter        : Unregistering JMX-exposed beans on shutdown
2018-10-27 11:44:08.002  INFO 3848 --- [Thread-31] o.s.j.e.a.AnnotationMBeanExporter        : Unregistering JMX-exposed beans
2018-10-27 11:44:08.006  INFO 3848 --- [Thread-31] s.c.a.AnnotationConfigApplicationContext : Closing FeignContext-area-service: startup date [Sat Oct 27 11:43:31 IST 2018]; parent: org.springframework.boot.web.servlet.context.AnnotationConfigServletWebServerApplicationContext@5729de49
2018-10-27 11:44:08.006  INFO 3848 --- [Thread-31] s.c.a.AnnotationConfigApplicationContext : Closing FeignContext-perimeter-service: startup date [Sat Oct 27 11:43:31 IST 2018]; parent: org.springframework.boot.web.servlet.context.AnnotationConfigServletWebServerApplicationContext@5729de49
2018-10-27 11:44:11.346  INFO 3848 --- [restartedMain] c.e.m.s.ShapeServiceApplication          : No active profile set, falling back to default profiles: default
2018-10-27 11:44:11.350  INFO 3848 --- [restartedMain] ConfigServletWebServerApplicationContext : Refreshing org.springframework.boot.web.servlet.context.AnnotationConfigServletWebServerApplicationContext@2782b6e6: startup date [Sat Oct 27 11:44:11 IST 2018]; parent: org.springframework.context.annotation.AnnotationConfigApplicationContext@6bce72d0
2018-10-27 11:44:11.998  INFO 3848 --- [restartedMain] o.s.cloud.context.scope.GenericScope     : BeanFactory id=54e34758-3b6e-3d02-9a6f-8a1ed4d5832e
2018-10-27 11:44:12.006  INFO 3848 --- [restartedMain] f.a.AutowiredAnnotationBeanPostProcessor : JSR-330 'javax.inject.Inject' annotation found and supported for autowiring
2018-10-27 11:44:12.022  INFO 3848 --- [restartedMain] trationDelegate$BeanPostProcessorChecker : Bean 'org.springframework.cloud.autoconfigure.ConfigurationPropertiesRebinderAutoConfiguration' of type [org.springframework.cloud.autoconfigure.ConfigurationPropertiesRebinderAutoConfiguration$$EnhancerBySpringCGLIB$$f5d7004b] is not eligible for getting processed by all BeanPostProcessors (for example: not eligible for auto-proxying)
2018-10-27 11:44:12.198  INFO 3848 --- [restartedMain] o.s.b.w.embedded.tomcat.TomcatWebServer  : Tomcat initialized with port(s): 8200 (http)
2018-10-27 11:44:12.198  INFO 3848 --- [restartedMain] o.apache.catalina.core.StandardService   : Starting service [Tomcat]
2018-10-27 11:44:12.198  INFO 3848 --- [restartedMain] org.apache.catalina.core.StandardEngine  : Starting Servlet Engine: Apache Tomcat/8.5.34
2018-10-27 11:44:12.230  INFO 3848 --- [localhost-startStop-1] o.a.c.c.C.[Tomcat].[localhost].[/]       : Initializing Spring embedded WebApplicationContext
2018-10-27 11:44:12.230  INFO 3848 --- [localhost-startStop-1] o.s.web.context.ContextLoader            : Root WebApplicationContext: initialization completed in 880 ms
2018-10-27 11:44:12.402  INFO 3848 --- [localhost-startStop-1] o.s.b.w.servlet.FilterRegistrationBean   : Mapping filter: 'characterEncodingFilter' to: [/*]
2018-10-27 11:44:12.404  INFO 3848 --- [localhost-startStop-1] o.s.b.w.servlet.FilterRegistrationBean   : Mapping filter: 'webMvcMetricsFilter' to: [/*]
2018-10-27 11:44:12.404  INFO 3848 --- [localhost-startStop-1] o.s.b.w.servlet.FilterRegistrationBean   : Mapping filter: 'hiddenHttpMethodFilter' to: [/*]
2018-10-27 11:44:12.404  INFO 3848 --- [localhost-startStop-1] o.s.b.w.servlet.FilterRegistrationBean   : Mapping filter: 'httpPutFormContentFilter' to: [/*]
2018-10-27 11:44:12.404  INFO 3848 --- [localhost-startStop-1] o.s.b.w.servlet.FilterRegistrationBean   : Mapping filter: 'requestContextFilter' to: [/*]
2018-10-27 11:44:12.404  INFO 3848 --- [localhost-startStop-1] o.s.b.w.servlet.FilterRegistrationBean   : Mapping filter: 'httpTraceFilter' to: [/*]
2018-10-27 11:44:12.405  INFO 3848 --- [localhost-startStop-1] o.s.b.w.servlet.ServletRegistrationBean  : Servlet dispatcherServlet mapped to [/]
2018-10-27 11:44:12.422  INFO 3848 --- [restartedMain] s.c.a.AnnotationConfigApplicationContext : Refreshing FeignContext-area-service: startup date [Sat Oct 27 11:44:12 IST 2018]; parent: org.springframework.boot.web.servlet.context.AnnotationConfigServletWebServerApplicationContext@2782b6e6
2018-10-27 11:44:12.438  INFO 3848 --- [restartedMain] f.a.AutowiredAnnotationBeanPostProcessor : JSR-330 'javax.inject.Inject' annotation found and supported for autowiring
2018-10-27 11:44:12.494  INFO 3848 --- [restartedMain] s.c.a.AnnotationConfigApplicationContext : Refreshing FeignContext-perimeter-service: startup date [Sat Oct 27 11:44:12 IST 2018]; parent: org.springframework.boot.web.servlet.context.AnnotationConfigServletWebServerApplicationContext@2782b6e6
2018-10-27 11:44:12.510  INFO 3848 --- [restartedMain] f.a.AutowiredAnnotationBeanPostProcessor : JSR-330 'javax.inject.Inject' annotation found and supported for autowiring
2018-10-27 11:44:12.530  WARN 3848 --- [restartedMain] c.n.c.sources.URLConfigurationSource     : No URLs will be polled as dynamic configuration sources.
2018-10-27 11:44:12.530  INFO 3848 --- [restartedMain] c.n.c.sources.URLConfigurationSource     : To enable URLs as dynamic configuration sources, define System property archaius.configurationSource.additionalUrls or make config.properties available on classpath.
2018-10-27 11:44:12.554  INFO 3848 --- [restartedMain] o.s.w.s.handler.SimpleUrlHandlerMapping  : Mapped URL path [/**/favicon.ico] onto handler of type [class org.springframework.web.servlet.resource.ResourceHttpRequestHandler]
2018-10-27 11:44:12.598  INFO 3848 --- [restartedMain] s.w.s.m.m.a.RequestMappingHandlerAdapter : Looking for @ControllerAdvice: org.springframework.boot.web.servlet.context.AnnotationConfigServletWebServerApplicationContext@2782b6e6: startup date [Sat Oct 27 11:44:11 IST 2018]; parent: org.springframework.context.annotation.AnnotationConfigApplicationContext@6bce72d0
2018-10-27 11:44:12.614  INFO 3848 --- [restartedMain] s.w.s.m.m.a.RequestMappingHandlerMapping : Mapped "{[/shapeDetails/shapeType/{shapeType}],methods=[GET]}" onto public com.evergreenprogrammers.microservices.shapeservice.bo.Shape com.evergreenprogrammers.microservices.shapeservice.controller.ShapeServiceController.getShapeDetails(java.lang.String)
2018-10-27 11:44:12.614  INFO 3848 --- [restartedMain] s.w.s.m.m.a.RequestMappingHandlerMapping : Mapped "{[/shapeDetailsFeign/shapeType/{shapeType}],methods=[GET]}" onto public com.evergreenprogrammers.microservices.shapeservice.bo.Shape com.evergreenprogrammers.microservices.shapeservice.controller.ShapeServiceController.getShapeDetailsFeign(java.lang.String)
2018-10-27 11:44:12.618  INFO 3848 --- [restartedMain] s.w.s.m.m.a.RequestMappingHandlerMapping : Mapped "{[/error]}" onto public org.springframework.http.ResponseEntity<java.util.Map<java.lang.String, java.lang.Object>> org.springframework.boot.autoconfigure.web.servlet.error.BasicErrorController.error(javax.servlet.http.HttpServletRequest)
2018-10-27 11:44:12.618  INFO 3848 --- [restartedMain] s.w.s.m.m.a.RequestMappingHandlerMapping : Mapped "{[/error],produces=[text/html]}" onto public org.springframework.web.servlet.ModelAndView org.springframework.boot.autoconfigure.web.servlet.error.BasicErrorController.errorHtml(javax.servlet.http.HttpServletRequest,javax.servlet.http.HttpServletResponse)
2018-10-27 11:44:12.626  INFO 3848 --- [restartedMain] o.s.w.s.handler.SimpleUrlHandlerMapping  : Mapped URL path [/webjars/**] onto handler of type [class org.springframework.web.servlet.resource.ResourceHttpRequestHandler]
2018-10-27 11:44:12.626  INFO 3848 --- [restartedMain] o.s.w.s.handler.SimpleUrlHandlerMapping  : Mapped URL path [/**] onto handler of type [class org.springframework.web.servlet.resource.ResourceHttpRequestHandler]
2018-10-27 11:44:12.762  WARN 3848 --- [restartedMain] o.s.b.d.a.OptionalLiveReloadServer       : Unable to start LiveReload server
2018-10-27 11:44:14.141  INFO 3848 --- [restartedMain] o.s.cloud.commons.util.InetUtils         : Cannot determine local hostname
2018-10-27 11:44:14.163  INFO 3848 --- [restartedMain] o.s.b.a.e.web.EndpointLinksResolver      : Exposing 2 endpoint(s) beneath base path '/actuator'
2018-10-27 11:44:14.171  INFO 3848 --- [restartedMain] s.b.a.e.w.s.WebMvcEndpointHandlerMapping : Mapped "{[/actuator/health],methods=[GET],produces=[application/vnd.spring-boot.actuator.v2+json || application/json]}" onto public java.lang.Object org.springframework.boot.actuate.endpoint.web.servlet.AbstractWebMvcEndpointHandlerMapping$OperationHandler.handle(javax.servlet.http.HttpServletRequest,java.util.Map<java.lang.String, java.lang.String>)
2018-10-27 11:44:14.171  INFO 3848 --- [restartedMain] s.b.a.e.w.s.WebMvcEndpointHandlerMapping : Mapped "{[/actuator/info],methods=[GET],produces=[application/vnd.spring-boot.actuator.v2+json || application/json]}" onto public java.lang.Object org.springframework.boot.actuate.endpoint.web.servlet.AbstractWebMvcEndpointHandlerMapping$OperationHandler.handle(javax.servlet.http.HttpServletRequest,java.util.Map<java.lang.String, java.lang.String>)
2018-10-27 11:44:14.171  INFO 3848 --- [restartedMain] s.b.a.e.w.s.WebMvcEndpointHandlerMapping : Mapped "{[/actuator],methods=[GET],produces=[application/vnd.spring-boot.actuator.v2+json || application/json]}" onto protected java.util.Map<java.lang.String, java.util.Map<java.lang.String, org.springframework.boot.actuate.endpoint.web.Link>> org.springframework.boot.actuate.endpoint.web.servlet.WebMvcEndpointHandlerMapping.links(javax.servlet.http.HttpServletRequest,javax.servlet.http.HttpServletResponse)
2018-10-27 11:44:14.195  INFO 3848 --- [restartedMain] o.s.j.e.a.AnnotationMBeanExporter        : Registering beans for JMX exposure on startup
2018-10-27 11:44:14.195  INFO 3848 --- [restartedMain] o.s.j.e.a.AnnotationMBeanExporter        : Bean with name 'environmentManager' has been autodetected for JMX exposure
2018-10-27 11:44:14.199  INFO 3848 --- [restartedMain] o.s.j.e.a.AnnotationMBeanExporter        : Bean with name 'refreshScope' has been autodetected for JMX exposure
2018-10-27 11:44:14.199  INFO 3848 --- [restartedMain] o.s.j.e.a.AnnotationMBeanExporter        : Bean with name 'configurationPropertiesRebinder' has been autodetected for JMX exposure
2018-10-27 11:44:14.203  INFO 3848 --- [restartedMain] o.s.j.e.a.AnnotationMBeanExporter        : Located managed bean 'environmentManager': registering with JMX server as MBean [org.springframework.cloud.context.environment:name=environmentManager,type=EnvironmentManager]
2018-10-27 11:44:14.203  INFO 3848 --- [restartedMain] o.s.j.e.a.AnnotationMBeanExporter        : Located managed bean 'refreshScope': registering with JMX server as MBean [org.springframework.cloud.context.scope.refresh:name=refreshScope,type=RefreshScope]
2018-10-27 11:44:14.207  INFO 3848 --- [restartedMain] o.s.j.e.a.AnnotationMBeanExporter        : Located managed bean 'configurationPropertiesRebinder': registering with JMX server as MBean [org.springframework.cloud.context.properties:name=configurationPropertiesRebinder,context=2782b6e6,type=ConfigurationPropertiesRebinder]
2018-10-27 11:44:14.247  INFO 3848 --- [restartedMain] o.s.b.w.embedded.tomcat.TomcatWebServer  : Tomcat started on port(s): 8200 (http) with context path ''
2018-10-27 11:44:14.251  INFO 3848 --- [restartedMain] c.e.m.s.ShapeServiceApplication          : Started ShapeServiceApplication in 5.693 seconds (JVM running for 660.718)
2018-10-27 11:44:14.259  INFO 3848 --- [restartedMain] .ConditionEvaluationDeltaLoggingListener : Condition evaluation unchanged
2018-10-27 11:45:49.199  INFO 3848 --- [http-nio-8200-exec-1] o.a.c.c.C.[Tomcat].[localhost].[/]       : Initializing Spring FrameworkServlet 'dispatcherServlet'
2018-10-27 11:45:49.200  INFO 3848 --- [http-nio-8200-exec-1] o.s.web.servlet.DispatcherServlet        : FrameworkServlet 'dispatcherServlet': initialization started
2018-10-27 11:45:49.229  INFO 3848 --- [http-nio-8200-exec-1] o.s.web.servlet.DispatcherServlet        : FrameworkServlet 'dispatcherServlet': initialization completed in 29 ms
2018-10-27 11:45:50.591  INFO 3848 --- [http-nio-8200-exec-1] c.e.m.s.c.ShapeServiceController         : ShapeServiceController.getShapeDetails---> {}
2018-10-27 11:45:54.959  INFO 3848 --- [http-nio-8200-exec-2] c.e.m.s.c.ShapeServiceController         : ShapeServiceController.getShapeDetails---> {}
2018-10-27 11:45:55.808  INFO 3848 --- [http-nio-8200-exec-3] c.e.m.s.c.ShapeServiceController         : ShapeServiceController.getShapeDetails---> {}
2018-10-27 11:45:56.650  INFO 3848 --- [http-nio-8200-exec-4] c.e.m.s.c.ShapeServiceController         : ShapeServiceController.getShapeDetails---> {}
2018-10-27 11:45:57.482  INFO 3848 --- [http-nio-8200-exec-5] c.e.m.s.c.ShapeServiceController         : ShapeServiceController.getShapeDetails---> {}
